<?xml version="1.0" encoding="UTF-8"?>
<!-- Generated by org.testng.reporters.JUnitReportReporter -->
<testsuite hostname="Nile" failures="0" tests="1" name="extentBasic.ExtentDemo" time="10.930" errors="0" timestamp="2021-06-03T10:22:08 GMT-04:00" skipped="0">
  <testcase classname="extentBasic.ExtentDemo" name="initialDemo" time="10.930"/>
  <system-out/>
</testsuite> <!-- extentBasic.ExtentDemo -->
